<?xml version="1.0" encoding="UTF-8"?>
<testng-results skipped="0" failed="0" total="2" passed="2">
  <reporter-output>
  </reporter-output>
  <suite name="Suite" duration-ms="44921" started-at="2016-09-23T11:35:52Z" finished-at="2016-09-23T11:36:37Z">
    <groups>
    </groups>
    <test name="Test" duration-ms="44921" started-at="2016-09-23T11:35:52Z" finished-at="2016-09-23T11:36:37Z">
      <class name="com.globallogic.training.ElementWebTable">
        <test-method status="PASS" signature="setUp()[pri:0, instance:com.globallogic.training.ElementWebTable@1975490]" name="setUp" is-config="true" duration-ms="15632" started-at="2016-09-23T17:05:52Z" finished-at="2016-09-23T17:06:08Z">
          <reporter-output>
          </reporter-output>
        </test-method> <!-- setUp -->
        <test-method status="PASS" signature="setUp()[pri:0, instance:com.globallogic.training.PhantomjsTest@6a3f77]" name="setUp" is-config="true" duration-ms="11037" started-at="2016-09-23T17:06:08Z" finished-at="2016-09-23T17:06:19Z">
          <reporter-output>
          </reporter-output>
        </test-method> <!-- setUp -->
        <test-method status="PASS" signature="testWebTable()[pri:0, instance:com.globallogic.training.ElementWebTable@1975490]" name="testWebTable" duration-ms="11358" started-at="2016-09-23T17:06:19Z" finished-at="2016-09-23T17:06:30Z">
          <reporter-output>
          </reporter-output>
        </test-method> <!-- testWebTable -->
        <test-method status="PASS" signature="tearDown()[pri:0, instance:com.globallogic.training.ElementWebTable@1975490]" name="tearDown" is-config="true" duration-ms="2129" started-at="2016-09-23T17:06:35Z" finished-at="2016-09-23T17:06:37Z">
          <reporter-output>
          </reporter-output>
        </test-method> <!-- tearDown -->
        <test-method status="PASS" signature="tearDown()[pri:0, instance:com.globallogic.training.PhantomjsTest@6a3f77]" name="tearDown" is-config="true" duration-ms="30" started-at="2016-09-23T17:06:37Z" finished-at="2016-09-23T17:06:37Z">
          <reporter-output>
          </reporter-output>
        </test-method> <!-- tearDown -->
      </class> <!-- com.globallogic.training.ElementWebTable -->
      <class name="com.globallogic.training.PhantomjsTest">
        <test-method status="PASS" signature="testBmiCalc()[pri:0, instance:com.globallogic.training.PhantomjsTest@6a3f77]" name="testBmiCalc" duration-ms="4705" started-at="2016-09-23T17:06:30Z" finished-at="2016-09-23T17:06:35Z">
          <reporter-output>
          </reporter-output>
        </test-method> <!-- testBmiCalc -->
      </class> <!-- com.globallogic.training.PhantomjsTest -->
    </test> <!-- Test -->
  </suite> <!-- Suite -->
</testng-results>
